\BOOKMARK [1][-]{sec:toc.1}{\376\377\000C\000o\000n\000t\000e\000n\000t\000s}{}% 1
\BOOKMARK [0][-]{chapter.1}{\376\377\0001\000\040\0002\0000\0002\0004\000\040\000M\000a\000r\000c\000h}{}% 2
\BOOKMARK [1][-]{section*.5}{\376\377\000M\000a\000r\000c\000h\000\040\000S\000c\000h\000e\000d\000u\000l\000e}{chapter.1}% 3
\BOOKMARK [1][-]{section*.7}{\376\377\0002\0000\0002\0004\000/\0000\0003\000/\0000\0001}{chapter.1}% 4
\BOOKMARK [2][-]{subsection*.8}{\376\377\000P\000r\000o\000j\000e\000c\000t\000:\000\040\000I\000n\000t\000e\000l\000l\000i\000g\000e\000n\000t\000\040\000W\000e\000b\000\040\000A\000p\000p\000l\000i\000c\000a\000t\000i\000o\000n\000\040\000F\000i\000r\000e\000w\000a\000l\000l\000\040\000u\000s\000i\000n\000g\000\040\000J\000S\000O\000N\000\040\000W\000e\000b\000\040\000T\000o\000k\000e\000n\000\040\000I\000n\000s\000p\000e\000c\000t\000i\000o\000n}{section*.7}% 5
\BOOKMARK [2][-]{subsection*.9}{\376\377\000R\000e\000s\000e\000a\000r\000c\000h\000\040\000I\000d\000e\000a\000s}{section*.7}% 6
\BOOKMARK [2][-]{subsection*.11}{\376\377\000L\000i\000t\000e\000r\000a\000t\000u\000r\000e\000\040\000R\000e\000v\000i\000e\000w}{section*.7}% 7
\BOOKMARK [1][-]{section*.17}{\376\377\0002\0000\0002\0004\000/\0000\0003\000/\0000\0004}{chapter.1}% 8
\BOOKMARK [2][-]{subsection*.18}{\376\377\000R\000e\000s\000e\000a\000r\000c\000h\000\040\000I\000d\000e\000a\000s}{section*.17}% 9
\BOOKMARK [2][-]{subsection*.20}{\376\377\000L\000i\000t\000e\000r\000a\000t\000u\000r\000e\000\040\000R\000e\000v\000i\000e\000w}{section*.17}% 10
\BOOKMARK [1][-]{section*.23}{\376\377\0002\0000\0002\0004\000/\0000\0003\000/\0000\0005}{chapter.1}% 11
\BOOKMARK [2][-]{subsection*.24}{\376\377\000J\000W\000T\000s}{section*.23}% 12
\BOOKMARK [1][-]{section*.29}{\376\377\0002\0000\0002\0004\000/\0000\0003\000/\0000\0008}{chapter.1}% 13
\BOOKMARK [2][-]{subsection*.30}{\376\377\000R\000e\000s\000e\000a\000r\000c\000h\000\040\000I\000d\000e\000a\000s}{section*.29}% 14
\BOOKMARK [2][-]{subsection*.32}{\376\377\000W\000A\000F\000\040\000B\000a\000s\000i\000c\000s}{section*.29}% 15
\BOOKMARK [2][-]{subsection*.33}{\376\377\000J\000W\000T\000\040\000a\000u\000t\000h\000e\000n\000t\000i\000c\000a\000t\000i\000o\000n\000\040\000b\000y\000p\000a\000s\000s}{section*.29}% 16
\BOOKMARK [1][-]{section*.34}{\376\377\0002\0000\0002\0004\000/\0000\0003\000/\0001\0001}{chapter.1}% 17
\BOOKMARK [2][-]{subsection*.35}{\376\377\000T\000r\000y\000H\000a\000c\000k\000M\000e}{section*.34}% 18
\BOOKMARK [2][-]{subsection*.36}{\376\377\000D\000V\000W\000A}{section*.34}% 19
\BOOKMARK [1][-]{section*.37}{\376\377\0002\0000\0002\0004\000/\0000\0003\000/\0001\0002}{chapter.1}% 20
\BOOKMARK [2][-]{subsection*.38}{\376\377\000R\000e\000s\000e\000a\000r\000c\000h\000\040\000I\000d\000e\000a\000s}{section*.37}% 21
\BOOKMARK [1][-]{section*.40}{\376\377\0002\0000\0002\0004\000/\0000\0003\000/\0001\0008}{chapter.1}% 22
\BOOKMARK [1][-]{section*.43}{\376\377\0002\0000\0002\0004\000/\0000\0003\000/\0002\0000}{chapter.1}% 23
\BOOKMARK [2][-]{subsection*.44}{\376\377\000R\000e\000s\000e\000a\000r\000c\000h\000\040\000I\000d\000e\000a\000s}{section*.43}% 24
\BOOKMARK [0][-]{chapter.2}{\376\377\0002\000\040\0002\0000\0002\0004\000\040\000A\000p\000r\000i\000l}{}% 25
\BOOKMARK [1][-]{section*.51}{\376\377\000A\000p\000r\000i\000l\000\040\000S\000c\000h\000e\000d\000u\000l\000e}{chapter.2}% 26
\BOOKMARK [1][-]{section*.53}{\376\377\0002\0000\0002\0004\000/\0000\0004\000/\0000\0002}{chapter.2}% 27
\BOOKMARK [1][-]{section*.54}{\376\377\0002\0000\0002\0004\000/\0000\0004\000/\0000\0003}{chapter.2}% 28
\BOOKMARK [1][-]{section*.55}{\376\377\0002\0000\0002\0004\000/\0000\0004\000/\0000\0004}{chapter.2}% 29
\BOOKMARK [1][-]{section*.56}{\376\377\0002\0000\0002\0004\000/\0000\0004\000/\0000\0005}{chapter.2}% 30
\BOOKMARK [1][-]{section*.57}{\376\377\0002\0000\0002\0004\000/\0000\0004\000/\0000\0009}{chapter.2}% 31
\BOOKMARK [1][-]{section*.58}{\376\377\0002\0000\0002\0004\000/\0000\0004\000/\0001\0000}{chapter.2}% 32
\BOOKMARK [1][-]{section*.59}{\376\377\0002\0000\0002\0004\000/\0000\0004\000/\0001\0001}{chapter.2}% 33
\BOOKMARK [1][-]{section*.60}{\376\377\0002\0000\0002\0004\000/\0000\0004\000/\0001\0002}{chapter.2}% 34
\BOOKMARK [1][-]{section*.61}{\376\377\0002\0000\0002\0004\000/\0000\0004\000/\0001\0005}{chapter.2}% 35
\BOOKMARK [1][-]{section*.62}{\376\377\0002\0000\0002\0004\000/\0000\0004\000/\0001\0006}{chapter.2}% 36
\BOOKMARK [1][-]{section*.63}{\376\377\0002\0000\0002\0004\000/\0000\0004\000/\0001\0007}{chapter.2}% 37
\BOOKMARK [1][-]{section*.64}{\376\377\0002\0000\0002\0004\000/\0000\0004\000/\0001\0008}{chapter.2}% 38
\BOOKMARK [1][-]{section*.65}{\376\377\0002\0000\0002\0004\000/\0000\0004\000/\0001\0009}{chapter.2}% 39
\BOOKMARK [1][-]{section*.66}{\376\377\0002\0000\0002\0004\000/\0000\0004\000/\0002\0002}{chapter.2}% 40
\BOOKMARK [1][-]{section*.67}{\376\377\0002\0000\0002\0004\000/\0000\0004\000/\0002\0003}{chapter.2}% 41
\BOOKMARK [1][-]{section*.68}{\376\377\0002\0000\0002\0004\000/\0000\0004\000/\0002\0004}{chapter.2}% 42
\BOOKMARK [1][-]{section*.69}{\376\377\0002\0000\0002\0004\000/\0000\0004\000/\0002\0005}{chapter.2}% 43
\BOOKMARK [1][-]{section*.70}{\376\377\0002\0000\0002\0004\000/\0000\0004\000/\0002\0006}{chapter.2}% 44
\BOOKMARK [1][-]{section*.71}{\376\377\0002\0000\0002\0004\000/\0000\0004\000/\0002\0009}{chapter.2}% 45
\BOOKMARK [1][-]{section*.72}{\376\377\0002\0000\0002\0004\000/\0000\0004\000/\0003\0000}{chapter.2}% 46
\BOOKMARK [1][-]{section*.73}{\376\377\0002\0000\0002\0004\000/\0000\0004\000/\0000\0004}{chapter.2}% 47
\BOOKMARK [0][-]{chapter.3}{\376\377\0003\000\040\0002\0000\0002\0004\000\040\000M\000a\000y}{}% 48
\BOOKMARK [1][-]{section*.74}{\376\377\000M\000a\000y\000\040\000S\000c\000h\000e\000d\000u\000l\000e}{chapter.3}% 49
\BOOKMARK [1][-]{section*.76}{\376\377\0002\0000\0002\0004\000/\0000\0005\000/\0000\0003}{chapter.3}% 50
\BOOKMARK [1][-]{section*.77}{\376\377\0002\0000\0002\0004\000/\0000\0005\000/\0000\0006}{chapter.3}% 51
\BOOKMARK [1][-]{section*.78}{\376\377\0002\0000\0002\0004\000/\0000\0005\000/\0000\0007}{chapter.3}% 52
\BOOKMARK [1][-]{section*.79}{\376\377\0002\0000\0002\0004\000/\0000\0005\000/\0000\0008}{chapter.3}% 53
\BOOKMARK [1][-]{section*.80}{\376\377\0002\0000\0002\0004\000/\0000\0005\000/\0000\0009}{chapter.3}% 54
\BOOKMARK [1][-]{section*.81}{\376\377\0002\0000\0002\0004\000/\0000\0005\000/\0001\0000}{chapter.3}% 55
\BOOKMARK [1][-]{section*.82}{\376\377\0002\0000\0002\0004\000/\0000\0005\000/\0001\0003}{chapter.3}% 56
\BOOKMARK [1][-]{section*.83}{\376\377\0002\0000\0002\0004\000/\0000\0005\000/\0001\0004}{chapter.3}% 57
\BOOKMARK [1][-]{section*.84}{\376\377\0002\0000\0002\0004\000/\0000\0005\000/\0001\0005}{chapter.3}% 58
\BOOKMARK [1][-]{section*.85}{\376\377\0002\0000\0002\0004\000/\0000\0005\000/\0001\0006}{chapter.3}% 59
\BOOKMARK [1][-]{section*.86}{\376\377\0002\0000\0002\0004\000/\0000\0005\000/\0001\0007}{chapter.3}% 60
\BOOKMARK [1][-]{section*.87}{\376\377\0002\0000\0002\0004\000/\0000\0005\000/\0002\0000}{chapter.3}% 61
\BOOKMARK [1][-]{section*.88}{\376\377\0002\0000\0002\0004\000/\0000\0005\000/\0002\0001}{chapter.3}% 62
\BOOKMARK [1][-]{section*.89}{\376\377\0002\0000\0002\0004\000/\0000\0005\000/\0002\0002}{chapter.3}% 63
\BOOKMARK [1][-]{section*.90}{\376\377\0002\0000\0002\0004\000/\0000\0005\000/\0002\0003}{chapter.3}% 64
\BOOKMARK [1][-]{section*.91}{\376\377\0002\0000\0002\0004\000/\0000\0005\000/\0002\0004}{chapter.3}% 65
\BOOKMARK [1][-]{section*.92}{\376\377\0002\0000\0002\0004\000/\0000\0005\000/\0002\0007}{chapter.3}% 66
\BOOKMARK [1][-]{section*.93}{\376\377\0002\0000\0002\0004\000/\0000\0005\000/\0002\0008}{chapter.3}% 67
\BOOKMARK [1][-]{section*.94}{\376\377\0002\0000\0002\0004\000/\0000\0005\000/\0003\0000}{chapter.3}% 68
\BOOKMARK [1][-]{section*.95}{\376\377\0002\0000\0002\0004\000/\0000\0005\000/\0003\0001}{chapter.3}% 69
\BOOKMARK [0][-]{chapter.4}{\376\377\0004\000\040\0002\0000\0002\0004\000\040\000J\000u\000n\000e}{}% 70
\BOOKMARK [1][-]{section*.96}{\376\377\000J\000u\000n\000e\000\040\000S\000c\000h\000e\000d\000u\000l\000e}{chapter.4}% 71
\BOOKMARK [1][-]{section*.98}{\376\377\0002\0000\0002\0004\000/\0000\0006\000/\0000\0003}{chapter.4}% 72
\BOOKMARK [1][-]{section*.99}{\376\377\0002\0000\0002\0004\000/\0000\0006\000/\0000\0004}{chapter.4}% 73
\BOOKMARK [1][-]{section*.100}{\376\377\0002\0000\0002\0004\000/\0000\0006\000/\0000\0005}{chapter.4}% 74
\BOOKMARK [1][-]{section*.101}{\376\377\0002\0000\0002\0004\000/\0000\0006\000/\0000\0006}{chapter.4}% 75
\BOOKMARK [1][-]{section*.102}{\376\377\0002\0000\0002\0004\000/\0000\0006\000/\0000\0007}{chapter.4}% 76
\BOOKMARK [0][-]{chapter.5}{\376\377\0005\000\040\0002\0000\0002\0004\000\040\000J\000u\000l\000y}{}% 77
\BOOKMARK [1][-]{section*.103}{\376\377\000J\000u\000l\000y\000\040\000S\000c\000h\000e\000d\000u\000l\000e}{chapter.5}% 78
\BOOKMARK [0][-]{chapter.6}{\376\377\0006\000\040\0002\0000\0002\0004\000\040\000A\000u\000g\000u\000s\000t}{}% 79
\BOOKMARK [1][-]{section*.105}{\376\377\000A\000u\000g\000u\000s\000t\000\040\000S\000c\000h\000e\000d\000u\000l\000e}{chapter.6}% 80
\BOOKMARK [0][-]{chapter.7}{\376\377\0007\000\040\0002\0000\0002\0004\000\040\000S\000e\000p\000t\000e\000m\000b\000e\000r}{}% 81
\BOOKMARK [1][-]{section*.107}{\376\377\000S\000e\000p\000t\000e\000m\000b\000e\000r\000\040\000S\000c\000h\000e\000d\000u\000l\000e}{chapter.7}% 82
\BOOKMARK [0][-]{chapter.8}{\376\377\0008\000\040\0002\0000\0002\0004\000\040\000O\000c\000t\000o\000b\000e\000r}{}% 83
\BOOKMARK [1][-]{section*.109}{\376\377\000O\000c\000t\000o\000b\000e\000r\000\040\000S\000c\000h\000e\000d\000u\000l\000e}{chapter.8}% 84
\BOOKMARK [0][-]{chapter.9}{\376\377\0009\000\040\0002\0000\0002\0004\000\040\000N\000o\000v\000e\000m\000b\000e\000r}{}% 85
\BOOKMARK [1][-]{section*.111}{\376\377\000N\000o\000v\000e\000m\000b\000e\000r\000\040\000S\000c\000h\000e\000d\000u\000l\000e}{chapter.9}% 86
\BOOKMARK [0][-]{section*.113}{\376\377\000A\000p\000p\000e\000n\000d\000i\000c\000e\000s}{}% 87
\BOOKMARK [1][-]{section*.114}{\376\377\000A\000c\000r\000o\000n\000y\000m\000s}{section*.113}% 88
